Start Running Histogramming at Fri Jul 24 22:32:54 IST 2020
Worker node hostname ---------------------------------------------
Running In Batch
/var/lib/condor/execute/dir_14517
Running python makeHistograms 
False
Tight Select
(passPresel_Ele && nJet>=4 && nBJet>=1)*
(passPresel_Ele && nJet>=4 && nBJet>=1 && %s)*
using weights evtWeight*PUweight*muEffWeight*eleEffWeight*1.0*1.0*(1-btagWeight[0])
 the output folder is: /home/rverma/t3store/TTGammaSemiLep13TeV/histograms/ele/hists
-----
The histogram directory inside the root file is:
ControlRegion/Tight/base
Making the following histogram:
presel_Njet,
-----
filling presel_Njet TTGamma
/home/rverma/t3store/TTGammaSemiLep13TeV/histograms/ele/hists/TTGamma.root
False
Tight Select
(passPresel_Ele && nJet>=4 && nBJet>=1)*
(passPresel_Ele && nJet>=4 && nBJet>=1 && %s)*
using weights evtWeight*PUweight*muEffWeight*eleEffWeight*1.0*1.0*(1-btagWeight[0])
 the output folder is: /home/rverma/t3store/TTGammaSemiLep13TeV/histograms/ele/hists
-----
The histogram directory inside the root file is:
ControlRegion/Tight/base
Making the following histogram:
presel_Njet,
-----
filling presel_Njet TTbar
/home/rverma/t3store/TTGammaSemiLep13TeV/histograms/ele/hists/TTbar.root
False
Tight Select
(passPresel_Ele && nJet>=4 && nBJet>=1)*
(passPresel_Ele && nJet>=4 && nBJet>=1 && %s)*
using weights evtWeight*PUweight*muEffWeight*eleEffWeight*1.0*1.0*(1-btagWeight[0])
 the output folder is: /home/rverma/t3store/TTGammaSemiLep13TeV/histograms/ele/hists
-----
The histogram directory inside the root file is:
ControlRegion/Tight/base
Making the following histogram:
presel_Njet,
-----
filling presel_Njet TGJets
/home/rverma/t3store/TTGammaSemiLep13TeV/histograms/ele/hists/TGJets.root
False
Tight Select
(passPresel_Ele && nJet>=4 && nBJet>=1)*
(passPresel_Ele && nJet>=4 && nBJet>=1 && %s)*
using weights evtWeight*PUweight*muEffWeight*eleEffWeight*1.0*1.0*(1-btagWeight[0])
 the output folder is: /home/rverma/t3store/TTGammaSemiLep13TeV/histograms/ele/hists
-----
The histogram directory inside the root file is:
ControlRegion/Tight/base
Making the following histogram:
presel_Njet,
-----
filling presel_Njet SingleTop
/home/rverma/t3store/TTGammaSemiLep13TeV/histograms/ele/hists/SingleTop.root
False
Tight Select
(passPresel_Ele && nJet>=4 && nBJet>=1)*
(passPresel_Ele && nJet>=4 && nBJet>=1 && %s)*
using weights evtWeight*PUweight*muEffWeight*eleEffWeight*1.0*1.0*(1-btagWeight[0])
 the output folder is: /home/rverma/t3store/TTGammaSemiLep13TeV/histograms/ele/hists
-----
The histogram directory inside the root file is:
ControlRegion/Tight/base
Making the following histogram:
presel_Njet,
-----
filling presel_Njet WJets
/home/rverma/t3store/TTGammaSemiLep13TeV/histograms/ele/hists/WJets.root
False
Tight Select
(passPresel_Ele && nJet>=4 && nBJet>=1)*
(passPresel_Ele && nJet>=4 && nBJet>=1 && %s)*
using weights evtWeight*PUweight*muEffWeight*eleEffWeight*1.0*1.0*(1-btagWeight[0])
 the output folder is: /home/rverma/t3store/TTGammaSemiLep13TeV/histograms/ele/hists
-----
The histogram directory inside the root file is:
ControlRegion/Tight/base
Making the following histogram:
presel_Njet,
-----
filling presel_Njet ZJets
/home/rverma/t3store/TTGammaSemiLep13TeV/histograms/ele/hists/ZJets.root
False
Tight Select
(passPresel_Ele && nJet>=4 && nBJet>=1)*
(passPresel_Ele && nJet>=4 && nBJet>=1 && %s)*
using weights evtWeight*PUweight*muEffWeight*eleEffWeight*1.0*1.0*(1-btagWeight[0])
 the output folder is: /home/rverma/t3store/TTGammaSemiLep13TeV/histograms/ele/hists
-----
The histogram directory inside the root file is:
ControlRegion/Tight/base
Making the following histogram:
presel_Njet,
-----
filling presel_Njet WGamma
/home/rverma/t3store/TTGammaSemiLep13TeV/histograms/ele/hists/WGamma.root
False
Tight Select
(passPresel_Ele && nJet>=4 && nBJet>=1)*
(passPresel_Ele && nJet>=4 && nBJet>=1 && %s)*
using weights evtWeight*PUweight*muEffWeight*eleEffWeight*1.0*1.0*(1-btagWeight[0])
 the output folder is: /home/rverma/t3store/TTGammaSemiLep13TeV/histograms/ele/hists
-----
The histogram directory inside the root file is:
ControlRegion/Tight/base
Making the following histogram:
presel_Njet,
-----
filling presel_Njet ZGamma
/home/rverma/t3store/TTGammaSemiLep13TeV/histograms/ele/hists/ZGamma.root
False
Tight Select
(passPresel_Ele && nJet>=4 && nBJet>=1)*
(passPresel_Ele && nJet>=4 && nBJet>=1 && %s)*
using weights evtWeight*PUweight*muEffWeight*eleEffWeight*1.0*1.0*(1-btagWeight[0])
 the output folder is: /home/rverma/t3store/TTGammaSemiLep13TeV/histograms/ele/hists
-----
The histogram directory inside the root file is:
ControlRegion/Tight/base
Making the following histogram:
presel_Njet,
-----
filling presel_Njet Diboson
/home/rverma/t3store/TTGammaSemiLep13TeV/histograms/ele/hists/Diboson.root
False
Tight Select
(passPresel_Ele && nJet>=4 && nBJet>=1)*
(passPresel_Ele && nJet>=4 && nBJet>=1 && %s)*
using weights evtWeight*PUweight*muEffWeight*eleEffWeight*1.0*1.0*(1-btagWeight[0])
 the output folder is: /home/rverma/t3store/TTGammaSemiLep13TeV/histograms/ele/hists
-----
The histogram directory inside the root file is:
ControlRegion/Tight/base
Making the following histogram:
presel_Njet,
-----
filling presel_Njet TTV
/home/rverma/t3store/TTGammaSemiLep13TeV/histograms/ele/hists/TTV.root
False
Tight Select
(passPresel_Ele && nJet>=4 && nBJet>=1)*
(passPresel_Ele && nJet>=4 && nBJet>=1 && %s)*
using weights evtWeight*PUweight*muEffWeight*eleEffWeight*1.0*1.0*(1-btagWeight[0])
 the output folder is: /home/rverma/t3store/TTGammaSemiLep13TeV/histograms/ele/hists
-----
The histogram directory inside the root file is:
ControlRegion/Tight/base
Making the following histogram:
presel_Njet,
-----
filling presel_Njet GJets
/home/rverma/t3store/TTGammaSemiLep13TeV/histograms/ele/hists/GJets.root
False
Tight Select
(passPresel_Ele && nJet>=4 && nBJet>=1)*
(passPresel_Ele && nJet>=4 && nBJet>=1 && %s)*
using weights evtWeight*PUweight*muEffWeight*eleEffWeight*1.0*1.0*(1-btagWeight[0])
 the output folder is: /home/rverma/t3store/TTGammaSemiLep13TeV/histograms/ele/hists
-----
The histogram directory inside the root file is:
ControlRegion/Tight/base
Making the following histogram:
presel_Njet,
-----
filling presel_Njet QCDEle
/home/rverma/t3store/TTGammaSemiLep13TeV/histograms/ele/hists/QCDEle.root
False
Tight Select
(passPresel_Ele && nJet>=4 && nBJet>=1)*
(passPresel_Ele && nJet>=4 && nBJet>=1 && %s)*
using weights evtWeight*PUweight*muEffWeight*eleEffWeight*1.0*1.0*(1-btagWeight[0])
 the output folder is: /home/rverma/t3store/TTGammaSemiLep13TeV/histograms/ele/hists
-----
The histogram directory inside the root file is:
ControlRegion/Tight/base
Making the following histogram:
presel_Njet,
-----
filling presel_Njet DataEle
/home/rverma/t3store/TTGammaSemiLep13TeV/histograms/ele/hists/DataEle.root
Done Histogramming at Fri Jul 24 22:51:54 IST 2020
