Start Running Histogramming at Fri Jul 24 22:32:54 IST 2020
Worker node hostname ---------------------------------------------
Running In Batch
/var/lib/condor/execute/dir_14521
Running python makeHistograms 
False
Tight Select
(passPresel_Mu && nJet>=4 && nBJet>=1)*
(passPresel_Mu && nJet>=4 && nBJet>=1 && %s)*
using weights evtWeight*PUweight*muEffWeight*eleEffWeight*1.0*1.0*(1-btagWeight[0])
 the output folder is: /home/rverma/t3store/TTGammaSemiLep13TeV/histograms/2016/mu/hists
-----
The histogram directory inside the root file is:
ControlRegion/Tight/base
Making the following histogram:
presel_Njet,
-----
filling presel_Njet TTGamma
/home/rverma/t3store/TTGammaSemiLep13TeV/histograms/2016/mu/hists/TTGamma.root
False
Tight Select
(passPresel_Mu && nJet>=4 && nBJet>=1)*
(passPresel_Mu && nJet>=4 && nBJet>=1 && %s)*
using weights evtWeight*PUweight*muEffWeight*eleEffWeight*1.0*1.0*(1-btagWeight[0])
 the output folder is: /home/rverma/t3store/TTGammaSemiLep13TeV/histograms/2016/mu/hists
-----
The histogram directory inside the root file is:
ControlRegion/Tight/base
Making the following histogram:
presel_Njet,
-----
filling presel_Njet TTbar
/home/rverma/t3store/TTGammaSemiLep13TeV/histograms/2016/mu/hists/TTbar.root
False
Tight Select
(passPresel_Mu && nJet>=4 && nBJet>=1)*
(passPresel_Mu && nJet>=4 && nBJet>=1 && %s)*
using weights evtWeight*PUweight*muEffWeight*eleEffWeight*1.0*1.0*(1-btagWeight[0])
 the output folder is: /home/rverma/t3store/TTGammaSemiLep13TeV/histograms/2016/mu/hists
-----
The histogram directory inside the root file is:
ControlRegion/Tight/base
Making the following histogram:
presel_Njet,
-----
filling presel_Njet TGJets
/home/rverma/t3store/TTGammaSemiLep13TeV/histograms/2016/mu/hists/TGJets.root
False
Tight Select
(passPresel_Mu && nJet>=4 && nBJet>=1)*
(passPresel_Mu && nJet>=4 && nBJet>=1 && %s)*
using weights evtWeight*PUweight*muEffWeight*eleEffWeight*1.0*1.0*(1-btagWeight[0])
 the output folder is: /home/rverma/t3store/TTGammaSemiLep13TeV/histograms/2016/mu/hists
-----
The histogram directory inside the root file is:
ControlRegion/Tight/base
Making the following histogram:
presel_Njet,
-----
filling presel_Njet SingleTop
/home/rverma/t3store/TTGammaSemiLep13TeV/histograms/2016/mu/hists/SingleTop.root
False
Tight Select
(passPresel_Mu && nJet>=4 && nBJet>=1)*
(passPresel_Mu && nJet>=4 && nBJet>=1 && %s)*
using weights evtWeight*PUweight*muEffWeight*eleEffWeight*1.0*1.0*(1-btagWeight[0])
 the output folder is: /home/rverma/t3store/TTGammaSemiLep13TeV/histograms/2016/mu/hists
-----
The histogram directory inside the root file is:
ControlRegion/Tight/base
Making the following histogram:
presel_Njet,
-----
filling presel_Njet WJets
/home/rverma/t3store/TTGammaSemiLep13TeV/histograms/2016/mu/hists/WJets.root
False
Tight Select
(passPresel_Mu && nJet>=4 && nBJet>=1)*
(passPresel_Mu && nJet>=4 && nBJet>=1 && %s)*
using weights evtWeight*PUweight*muEffWeight*eleEffWeight*1.0*1.0*(1-btagWeight[0])
 the output folder is: /home/rverma/t3store/TTGammaSemiLep13TeV/histograms/2016/mu/hists
-----
The histogram directory inside the root file is:
ControlRegion/Tight/base
Making the following histogram:
presel_Njet,
-----
filling presel_Njet ZJets
/home/rverma/t3store/TTGammaSemiLep13TeV/histograms/2016/mu/hists/ZJets.root
False
Tight Select
(passPresel_Mu && nJet>=4 && nBJet>=1)*
(passPresel_Mu && nJet>=4 && nBJet>=1 && %s)*
using weights evtWeight*PUweight*muEffWeight*eleEffWeight*1.0*1.0*(1-btagWeight[0])
 the output folder is: /home/rverma/t3store/TTGammaSemiLep13TeV/histograms/2016/mu/hists
-----
The histogram directory inside the root file is:
ControlRegion/Tight/base
Making the following histogram:
presel_Njet,
-----
filling presel_Njet WGamma
/home/rverma/t3store/TTGammaSemiLep13TeV/histograms/2016/mu/hists/WGamma.root
False
Tight Select
(passPresel_Mu && nJet>=4 && nBJet>=1)*
(passPresel_Mu && nJet>=4 && nBJet>=1 && %s)*
using weights evtWeight*PUweight*muEffWeight*eleEffWeight*1.0*1.0*(1-btagWeight[0])
 the output folder is: /home/rverma/t3store/TTGammaSemiLep13TeV/histograms/2016/mu/hists
-----
The histogram directory inside the root file is:
ControlRegion/Tight/base
Making the following histogram:
presel_Njet,
-----
filling presel_Njet ZGamma
/home/rverma/t3store/TTGammaSemiLep13TeV/histograms/2016/mu/hists/ZGamma.root
False
Tight Select
(passPresel_Mu && nJet>=4 && nBJet>=1)*
(passPresel_Mu && nJet>=4 && nBJet>=1 && %s)*
using weights evtWeight*PUweight*muEffWeight*eleEffWeight*1.0*1.0*(1-btagWeight[0])
 the output folder is: /home/rverma/t3store/TTGammaSemiLep13TeV/histograms/2016/mu/hists
-----
The histogram directory inside the root file is:
ControlRegion/Tight/base
Making the following histogram:
presel_Njet,
-----
filling presel_Njet Diboson
/home/rverma/t3store/TTGammaSemiLep13TeV/histograms/2016/mu/hists/Diboson.root
False
Tight Select
(passPresel_Mu && nJet>=4 && nBJet>=1)*
(passPresel_Mu && nJet>=4 && nBJet>=1 && %s)*
using weights evtWeight*PUweight*muEffWeight*eleEffWeight*1.0*1.0*(1-btagWeight[0])
 the output folder is: /home/rverma/t3store/TTGammaSemiLep13TeV/histograms/2016/mu/hists
-----
The histogram directory inside the root file is:
ControlRegion/Tight/base
Making the following histogram:
presel_Njet,
-----
filling presel_Njet TTV
/home/rverma/t3store/TTGammaSemiLep13TeV/histograms/2016/mu/hists/TTV.root
False
Tight Select
(passPresel_Mu && nJet>=4 && nBJet>=1)*
(passPresel_Mu && nJet>=4 && nBJet>=1 && %s)*
using weights evtWeight*PUweight*muEffWeight*eleEffWeight*1.0*1.0*(1-btagWeight[0])
 the output folder is: /home/rverma/t3store/TTGammaSemiLep13TeV/histograms/2016/mu/hists
-----
The histogram directory inside the root file is:
ControlRegion/Tight/base
Making the following histogram:
presel_Njet,
-----
filling presel_Njet GJets
/home/rverma/t3store/TTGammaSemiLep13TeV/histograms/2016/mu/hists/GJets.root
False
Tight Select
(passPresel_Mu && nJet>=4 && nBJet>=1)*
(passPresel_Mu && nJet>=4 && nBJet>=1 && %s)*
using weights evtWeight*PUweight*muEffWeight*eleEffWeight*1.0*1.0*(1-btagWeight[0])
 the output folder is: /home/rverma/t3store/TTGammaSemiLep13TeV/histograms/2016/mu/hists
-----
The histogram directory inside the root file is:
ControlRegion/Tight/base
Making the following histogram:
presel_Njet,
-----
filling presel_Njet QCDMu
/home/rverma/t3store/TTGammaSemiLep13TeV/histograms/2016/mu/hists/QCDMu.root
False
Tight Select
(passPresel_Mu && nJet>=4 && nBJet>=1)*
(passPresel_Mu && nJet>=4 && nBJet>=1 && %s)*
using weights evtWeight*PUweight*muEffWeight*eleEffWeight*1.0*1.0*(1-btagWeight[0])
 the output folder is: /home/rverma/t3store/TTGammaSemiLep13TeV/histograms/2016/mu/hists
-----
The histogram directory inside the root file is:
ControlRegion/Tight/base
Making the following histogram:
presel_Njet,
-----
filling presel_Njet DataMu
/home/rverma/t3store/TTGammaSemiLep13TeV/histograms/2016/mu/hists/DataMu.root
Done Histogramming at Fri Jul 24 22:53:23 IST 2020
